[2024-06-17T12:57:40.146-0400] {local_task_job_runner.py:120} INFO - ::group::Pre task execution logs
[2024-06-17T12:57:40.159-0400] {taskinstance.py:2076} INFO - Dependencies all met for dep_context=non-requeueable deps ti=<TaskInstance: first.save scheduled__2024-06-15T00:00:00+00:00 [queued]>
[2024-06-17T12:57:40.162-0400] {taskinstance.py:2076} INFO - Dependencies all met for dep_context=requeueable deps ti=<TaskInstance: first.save scheduled__2024-06-15T00:00:00+00:00 [queued]>
[2024-06-17T12:57:40.163-0400] {taskinstance.py:2306} INFO - Starting attempt 1 of 2
[2024-06-17T12:57:40.173-0400] {taskinstance.py:2330} INFO - Executing <Task(PythonOperator): save> on 2024-06-15 00:00:00+00:00
[2024-06-17T12:57:40.177-0400] {standard_task_runner.py:63} INFO - Started process 154523 to run task
[2024-06-17T12:57:40.180-0400] {standard_task_runner.py:90} INFO - Running: ['airflow', 'tasks', 'run', 'first', 'save', 'scheduled__2024-06-15T00:00:00+00:00', '--job-id', '10', '--raw', '--subdir', 'DAGS_FOLDER/first.py', '--cfg-path', '/tmp/tmpujelunrj']
[2024-06-17T12:57:40.180-0400] {standard_task_runner.py:91} INFO - Job 10: Subtask save
[2024-06-17T12:57:40.206-0400] {task_command.py:426} INFO - Running <TaskInstance: first.save scheduled__2024-06-15T00:00:00+00:00 [running]> on host andres-IdeaPad-3-14ALC6
[2024-06-17T12:57:40.245-0400] {taskinstance.py:2648} INFO - Exporting env vars: AIRFLOW_CTX_DAG_EMAIL='airflow@example.com' AIRFLOW_CTX_DAG_OWNER='airflow' AIRFLOW_CTX_DAG_ID='first' AIRFLOW_CTX_TASK_ID='save' AIRFLOW_CTX_EXECUTION_DATE='2024-06-15T00:00:00+00:00' AIRFLOW_CTX_TRY_NUMBER='1' AIRFLOW_CTX_DAG_RUN_ID='scheduled__2024-06-15T00:00:00+00:00'
[2024-06-17T12:57:40.246-0400] {taskinstance.py:430} INFO - ::endgroup::
[2024-06-17T12:57:40.246-0400] {first.py:26} INFO - performing saving
[2024-06-17T12:57:40.246-0400] {python.py:237} INFO - Done. Returned value was: None
[2024-06-17T12:57:40.246-0400] {taskinstance.py:441} INFO - ::group::Post task execution logs
[2024-06-17T12:57:40.249-0400] {taskinstance.py:1206} INFO - Marking task as SUCCESS. dag_id=first, task_id=save, run_id=scheduled__2024-06-15T00:00:00+00:00, execution_date=20240615T000000, start_date=20240617T165740, end_date=20240617T165740
[2024-06-17T12:57:40.271-0400] {local_task_job_runner.py:240} INFO - Task exited with return code 0
[2024-06-17T12:57:40.278-0400] {taskinstance.py:3503} INFO - 0 downstream tasks scheduled from follow-on schedule check
[2024-06-17T12:57:40.279-0400] {local_task_job_runner.py:222} INFO - ::endgroup::
[2024-06-17T14:41:49.283-0400] {local_task_job_runner.py:120} INFO - ::group::Pre task execution logs
[2024-06-17T14:41:49.306-0400] {taskinstance.py:2076} INFO - Dependencies all met for dep_context=non-requeueable deps ti=<TaskInstance: first.save scheduled__2024-06-15T00:00:00+00:00 [queued]>
[2024-06-17T14:41:49.313-0400] {taskinstance.py:2076} INFO - Dependencies all met for dep_context=requeueable deps ti=<TaskInstance: first.save scheduled__2024-06-15T00:00:00+00:00 [queued]>
[2024-06-17T14:41:49.313-0400] {taskinstance.py:2306} INFO - Starting attempt 1 of 2
[2024-06-17T14:41:49.324-0400] {taskinstance.py:2330} INFO - Executing <Task(PythonOperator): save> on 2024-06-15 00:00:00+00:00
[2024-06-17T14:41:49.330-0400] {standard_task_runner.py:63} INFO - Started process 200983 to run task
[2024-06-17T14:41:49.333-0400] {standard_task_runner.py:90} INFO - Running: ['airflow', 'tasks', 'run', 'first', 'save', 'scheduled__2024-06-15T00:00:00+00:00', '--job-id', '29', '--raw', '--subdir', 'DAGS_FOLDER/first.py', '--cfg-path', '/tmp/tmpe05k31zl']
[2024-06-17T14:41:49.334-0400] {standard_task_runner.py:91} INFO - Job 29: Subtask save
[2024-06-17T14:41:49.370-0400] {task_command.py:426} INFO - Running <TaskInstance: first.save scheduled__2024-06-15T00:00:00+00:00 [running]> on host andres-IdeaPad-3-14ALC6
[2024-06-17T14:41:49.424-0400] {taskinstance.py:2648} INFO - Exporting env vars: AIRFLOW_CTX_DAG_EMAIL='airflow@example.com' AIRFLOW_CTX_DAG_OWNER='airflow' AIRFLOW_CTX_DAG_ID='first' AIRFLOW_CTX_TASK_ID='save' AIRFLOW_CTX_EXECUTION_DATE='2024-06-15T00:00:00+00:00' AIRFLOW_CTX_TRY_NUMBER='1' AIRFLOW_CTX_DAG_RUN_ID='scheduled__2024-06-15T00:00:00+00:00'
[2024-06-17T14:41:49.426-0400] {taskinstance.py:430} INFO - ::endgroup::
[2024-06-17T14:41:49.426-0400] {first.py:26} INFO - performing saving
[2024-06-17T14:41:49.426-0400] {python.py:237} INFO - Done. Returned value was: None
[2024-06-17T14:41:49.426-0400] {taskinstance.py:441} INFO - ::group::Post task execution logs
[2024-06-17T14:41:49.431-0400] {taskinstance.py:1206} INFO - Marking task as SUCCESS. dag_id=first, task_id=save, run_id=scheduled__2024-06-15T00:00:00+00:00, execution_date=20240615T000000, start_date=20240617T184149, end_date=20240617T184149
[2024-06-17T14:41:49.467-0400] {local_task_job_runner.py:240} INFO - Task exited with return code 0
[2024-06-17T14:41:49.476-0400] {taskinstance.py:3503} INFO - 0 downstream tasks scheduled from follow-on schedule check
[2024-06-17T14:41:49.477-0400] {local_task_job_runner.py:222} INFO - ::endgroup::
