[2024-06-17T12:57:32.068-0400] {local_task_job_runner.py:120} INFO - ::group::Pre task execution logs
[2024-06-17T12:57:32.081-0400] {taskinstance.py:2076} INFO - Dependencies all met for dep_context=non-requeueable deps ti=<TaskInstance: first.scrape scheduled__2024-06-15T00:00:00+00:00 [queued]>
[2024-06-17T12:57:32.085-0400] {taskinstance.py:2076} INFO - Dependencies all met for dep_context=requeueable deps ti=<TaskInstance: first.scrape scheduled__2024-06-15T00:00:00+00:00 [queued]>
[2024-06-17T12:57:32.085-0400] {taskinstance.py:2306} INFO - Starting attempt 1 of 2
[2024-06-17T12:57:32.094-0400] {taskinstance.py:2330} INFO - Executing <Task(PythonOperator): scrape> on 2024-06-15 00:00:00+00:00
[2024-06-17T12:57:32.098-0400] {standard_task_runner.py:63} INFO - Started process 154345 to run task
[2024-06-17T12:57:32.101-0400] {standard_task_runner.py:90} INFO - Running: ['airflow', 'tasks', 'run', 'first', 'scrape', 'scheduled__2024-06-15T00:00:00+00:00', '--job-id', '6', '--raw', '--subdir', 'DAGS_FOLDER/first.py', '--cfg-path', '/tmp/tmpe9i652i0']
[2024-06-17T12:57:32.101-0400] {standard_task_runner.py:91} INFO - Job 6: Subtask scrape
[2024-06-17T12:57:32.126-0400] {task_command.py:426} INFO - Running <TaskInstance: first.scrape scheduled__2024-06-15T00:00:00+00:00 [running]> on host andres-IdeaPad-3-14ALC6
[2024-06-17T12:57:32.173-0400] {taskinstance.py:2648} INFO - Exporting env vars: AIRFLOW_CTX_DAG_EMAIL='airflow@example.com' AIRFLOW_CTX_DAG_OWNER='airflow' AIRFLOW_CTX_DAG_ID='first' AIRFLOW_CTX_TASK_ID='scrape' AIRFLOW_CTX_EXECUTION_DATE='2024-06-15T00:00:00+00:00' AIRFLOW_CTX_TRY_NUMBER='1' AIRFLOW_CTX_DAG_RUN_ID='scheduled__2024-06-15T00:00:00+00:00'
[2024-06-17T12:57:32.174-0400] {taskinstance.py:430} INFO - ::endgroup::
[2024-06-17T12:57:32.174-0400] {first.py:20} INFO - performing scraping
[2024-06-17T12:57:32.174-0400] {python.py:237} INFO - Done. Returned value was: None
[2024-06-17T12:57:32.174-0400] {taskinstance.py:441} INFO - ::group::Post task execution logs
[2024-06-17T12:57:32.177-0400] {taskinstance.py:1206} INFO - Marking task as SUCCESS. dag_id=first, task_id=scrape, run_id=scheduled__2024-06-15T00:00:00+00:00, execution_date=20240615T000000, start_date=20240617T165732, end_date=20240617T165732
[2024-06-17T12:57:32.193-0400] {local_task_job_runner.py:240} INFO - Task exited with return code 0
[2024-06-17T12:57:32.206-0400] {taskinstance.py:3503} INFO - 1 downstream tasks scheduled from follow-on schedule check
[2024-06-17T12:57:32.209-0400] {local_task_job_runner.py:222} INFO - ::endgroup::
[2024-06-17T14:41:36.009-0400] {local_task_job_runner.py:120} INFO - ::group::Pre task execution logs
[2024-06-17T14:41:36.040-0400] {taskinstance.py:2076} INFO - Dependencies all met for dep_context=non-requeueable deps ti=<TaskInstance: first.scrape scheduled__2024-06-15T00:00:00+00:00 [queued]>
[2024-06-17T14:41:36.050-0400] {taskinstance.py:2076} INFO - Dependencies all met for dep_context=requeueable deps ti=<TaskInstance: first.scrape scheduled__2024-06-15T00:00:00+00:00 [queued]>
[2024-06-17T14:41:36.051-0400] {taskinstance.py:2306} INFO - Starting attempt 1 of 2
[2024-06-17T14:41:36.073-0400] {taskinstance.py:2330} INFO - Executing <Task(PythonOperator): scrape> on 2024-06-15 00:00:00+00:00
[2024-06-17T14:41:36.080-0400] {standard_task_runner.py:63} INFO - Started process 200686 to run task
[2024-06-17T14:41:36.084-0400] {standard_task_runner.py:90} INFO - Running: ['airflow', 'tasks', 'run', 'first', 'scrape', 'scheduled__2024-06-15T00:00:00+00:00', '--job-id', '23', '--raw', '--subdir', 'DAGS_FOLDER/first.py', '--cfg-path', '/tmp/tmpvpu0azgw']
[2024-06-17T14:41:36.085-0400] {standard_task_runner.py:91} INFO - Job 23: Subtask scrape
[2024-06-17T14:41:36.135-0400] {task_command.py:426} INFO - Running <TaskInstance: first.scrape scheduled__2024-06-15T00:00:00+00:00 [running]> on host andres-IdeaPad-3-14ALC6
[2024-06-17T14:41:36.196-0400] {taskinstance.py:2648} INFO - Exporting env vars: AIRFLOW_CTX_DAG_EMAIL='airflow@example.com' AIRFLOW_CTX_DAG_OWNER='airflow' AIRFLOW_CTX_DAG_ID='first' AIRFLOW_CTX_TASK_ID='scrape' AIRFLOW_CTX_EXECUTION_DATE='2024-06-15T00:00:00+00:00' AIRFLOW_CTX_TRY_NUMBER='1' AIRFLOW_CTX_DAG_RUN_ID='scheduled__2024-06-15T00:00:00+00:00'
[2024-06-17T14:41:36.197-0400] {taskinstance.py:430} INFO - ::endgroup::
[2024-06-17T14:41:36.197-0400] {first.py:20} INFO - performing scraping
[2024-06-17T14:41:36.198-0400] {python.py:237} INFO - Done. Returned value was: None
[2024-06-17T14:41:36.198-0400] {taskinstance.py:441} INFO - ::group::Post task execution logs
[2024-06-17T14:41:36.203-0400] {taskinstance.py:1206} INFO - Marking task as SUCCESS. dag_id=first, task_id=scrape, run_id=scheduled__2024-06-15T00:00:00+00:00, execution_date=20240615T000000, start_date=20240617T184136, end_date=20240617T184136
[2024-06-17T14:41:36.257-0400] {local_task_job_runner.py:240} INFO - Task exited with return code 0
[2024-06-17T14:41:36.272-0400] {taskinstance.py:3503} INFO - 1 downstream tasks scheduled from follow-on schedule check
[2024-06-17T14:41:36.274-0400] {local_task_job_runner.py:222} INFO - ::endgroup::
