[2024-06-17T12:57:34.294-0400] {local_task_job_runner.py:120} INFO - ::group::Pre task execution logs
[2024-06-17T12:57:34.307-0400] {taskinstance.py:2076} INFO - Dependencies all met for dep_context=non-requeueable deps ti=<TaskInstance: first.scrape scheduled__2024-06-16T00:00:00+00:00 [queued]>
[2024-06-17T12:57:34.311-0400] {taskinstance.py:2076} INFO - Dependencies all met for dep_context=requeueable deps ti=<TaskInstance: first.scrape scheduled__2024-06-16T00:00:00+00:00 [queued]>
[2024-06-17T12:57:34.311-0400] {taskinstance.py:2306} INFO - Starting attempt 1 of 2
[2024-06-17T12:57:34.321-0400] {taskinstance.py:2330} INFO - Executing <Task(PythonOperator): scrape> on 2024-06-16 00:00:00+00:00
[2024-06-17T12:57:34.326-0400] {standard_task_runner.py:63} INFO - Started process 154398 to run task
[2024-06-17T12:57:34.328-0400] {standard_task_runner.py:90} INFO - Running: ['airflow', 'tasks', 'run', 'first', 'scrape', 'scheduled__2024-06-16T00:00:00+00:00', '--job-id', '7', '--raw', '--subdir', 'DAGS_FOLDER/first.py', '--cfg-path', '/tmp/tmpzm4hx8di']
[2024-06-17T12:57:34.329-0400] {standard_task_runner.py:91} INFO - Job 7: Subtask scrape
[2024-06-17T12:57:34.354-0400] {task_command.py:426} INFO - Running <TaskInstance: first.scrape scheduled__2024-06-16T00:00:00+00:00 [running]> on host andres-IdeaPad-3-14ALC6
[2024-06-17T12:57:34.398-0400] {taskinstance.py:2648} INFO - Exporting env vars: AIRFLOW_CTX_DAG_EMAIL='airflow@example.com' AIRFLOW_CTX_DAG_OWNER='airflow' AIRFLOW_CTX_DAG_ID='first' AIRFLOW_CTX_TASK_ID='scrape' AIRFLOW_CTX_EXECUTION_DATE='2024-06-16T00:00:00+00:00' AIRFLOW_CTX_TRY_NUMBER='1' AIRFLOW_CTX_DAG_RUN_ID='scheduled__2024-06-16T00:00:00+00:00'
[2024-06-17T12:57:34.399-0400] {taskinstance.py:430} INFO - ::endgroup::
[2024-06-17T12:57:34.399-0400] {first.py:20} INFO - performing scraping
[2024-06-17T12:57:34.400-0400] {python.py:237} INFO - Done. Returned value was: None
[2024-06-17T12:57:34.400-0400] {taskinstance.py:441} INFO - ::group::Post task execution logs
[2024-06-17T12:57:34.403-0400] {taskinstance.py:1206} INFO - Marking task as SUCCESS. dag_id=first, task_id=scrape, run_id=scheduled__2024-06-16T00:00:00+00:00, execution_date=20240616T000000, start_date=20240617T165734, end_date=20240617T165734
[2024-06-17T12:57:34.420-0400] {local_task_job_runner.py:240} INFO - Task exited with return code 0
[2024-06-17T12:57:34.433-0400] {taskinstance.py:3503} INFO - 1 downstream tasks scheduled from follow-on schedule check
[2024-06-17T12:57:34.436-0400] {local_task_job_runner.py:222} INFO - ::endgroup::
[2024-06-17T14:41:38.344-0400] {local_task_job_runner.py:120} INFO - ::group::Pre task execution logs
[2024-06-17T14:41:38.362-0400] {taskinstance.py:2076} INFO - Dependencies all met for dep_context=non-requeueable deps ti=<TaskInstance: first.scrape scheduled__2024-06-16T00:00:00+00:00 [queued]>
[2024-06-17T14:41:38.368-0400] {taskinstance.py:2076} INFO - Dependencies all met for dep_context=requeueable deps ti=<TaskInstance: first.scrape scheduled__2024-06-16T00:00:00+00:00 [queued]>
[2024-06-17T14:41:38.368-0400] {taskinstance.py:2306} INFO - Starting attempt 1 of 2
[2024-06-17T14:41:38.381-0400] {taskinstance.py:2330} INFO - Executing <Task(PythonOperator): scrape> on 2024-06-16 00:00:00+00:00
[2024-06-17T14:41:38.387-0400] {standard_task_runner.py:63} INFO - Started process 200739 to run task
[2024-06-17T14:41:38.391-0400] {standard_task_runner.py:90} INFO - Running: ['airflow', 'tasks', 'run', 'first', 'scrape', 'scheduled__2024-06-16T00:00:00+00:00', '--job-id', '24', '--raw', '--subdir', 'DAGS_FOLDER/first.py', '--cfg-path', '/tmp/tmp8tklfkh2']
[2024-06-17T14:41:38.392-0400] {standard_task_runner.py:91} INFO - Job 24: Subtask scrape
[2024-06-17T14:41:38.438-0400] {task_command.py:426} INFO - Running <TaskInstance: first.scrape scheduled__2024-06-16T00:00:00+00:00 [running]> on host andres-IdeaPad-3-14ALC6
[2024-06-17T14:41:38.499-0400] {taskinstance.py:2648} INFO - Exporting env vars: AIRFLOW_CTX_DAG_EMAIL='airflow@example.com' AIRFLOW_CTX_DAG_OWNER='airflow' AIRFLOW_CTX_DAG_ID='first' AIRFLOW_CTX_TASK_ID='scrape' AIRFLOW_CTX_EXECUTION_DATE='2024-06-16T00:00:00+00:00' AIRFLOW_CTX_TRY_NUMBER='1' AIRFLOW_CTX_DAG_RUN_ID='scheduled__2024-06-16T00:00:00+00:00'
[2024-06-17T14:41:38.500-0400] {taskinstance.py:430} INFO - ::endgroup::
[2024-06-17T14:41:38.501-0400] {first.py:20} INFO - performing scraping
[2024-06-17T14:41:38.501-0400] {python.py:237} INFO - Done. Returned value was: None
[2024-06-17T14:41:38.501-0400] {taskinstance.py:441} INFO - ::group::Post task execution logs
[2024-06-17T14:41:38.506-0400] {taskinstance.py:1206} INFO - Marking task as SUCCESS. dag_id=first, task_id=scrape, run_id=scheduled__2024-06-16T00:00:00+00:00, execution_date=20240616T000000, start_date=20240617T184138, end_date=20240617T184138
[2024-06-17T14:41:38.527-0400] {local_task_job_runner.py:240} INFO - Task exited with return code 0
[2024-06-17T14:41:38.543-0400] {taskinstance.py:3503} INFO - 1 downstream tasks scheduled from follow-on schedule check
[2024-06-17T14:41:38.546-0400] {local_task_job_runner.py:222} INFO - ::endgroup::
