[2024-06-17T12:57:36.252-0400] {local_task_job_runner.py:120} INFO - ::group::Pre task execution logs
[2024-06-17T12:57:36.265-0400] {taskinstance.py:2076} INFO - Dependencies all met for dep_context=non-requeueable deps ti=<TaskInstance: first.process scheduled__2024-06-15T00:00:00+00:00 [queued]>
[2024-06-17T12:57:36.269-0400] {taskinstance.py:2076} INFO - Dependencies all met for dep_context=requeueable deps ti=<TaskInstance: first.process scheduled__2024-06-15T00:00:00+00:00 [queued]>
[2024-06-17T12:57:36.270-0400] {taskinstance.py:2306} INFO - Starting attempt 1 of 2
[2024-06-17T12:57:36.280-0400] {taskinstance.py:2330} INFO - Executing <Task(PythonOperator): process> on 2024-06-15 00:00:00+00:00
[2024-06-17T12:57:36.284-0400] {standard_task_runner.py:63} INFO - Started process 154421 to run task
[2024-06-17T12:57:36.286-0400] {standard_task_runner.py:90} INFO - Running: ['airflow', 'tasks', 'run', 'first', 'process', 'scheduled__2024-06-15T00:00:00+00:00', '--job-id', '8', '--raw', '--subdir', 'DAGS_FOLDER/first.py', '--cfg-path', '/tmp/tmpn84m0obh']
[2024-06-17T12:57:36.286-0400] {standard_task_runner.py:91} INFO - Job 8: Subtask process
[2024-06-17T12:57:36.313-0400] {task_command.py:426} INFO - Running <TaskInstance: first.process scheduled__2024-06-15T00:00:00+00:00 [running]> on host andres-IdeaPad-3-14ALC6
[2024-06-17T12:57:36.353-0400] {taskinstance.py:2648} INFO - Exporting env vars: AIRFLOW_CTX_DAG_EMAIL='airflow@example.com' AIRFLOW_CTX_DAG_OWNER='airflow' AIRFLOW_CTX_DAG_ID='first' AIRFLOW_CTX_TASK_ID='process' AIRFLOW_CTX_EXECUTION_DATE='2024-06-15T00:00:00+00:00' AIRFLOW_CTX_TRY_NUMBER='1' AIRFLOW_CTX_DAG_RUN_ID='scheduled__2024-06-15T00:00:00+00:00'
[2024-06-17T12:57:36.354-0400] {taskinstance.py:430} INFO - ::endgroup::
[2024-06-17T12:57:36.354-0400] {first.py:23} INFO - performing processing
[2024-06-17T12:57:36.354-0400] {python.py:237} INFO - Done. Returned value was: None
[2024-06-17T12:57:36.354-0400] {taskinstance.py:441} INFO - ::group::Post task execution logs
[2024-06-17T12:57:36.358-0400] {taskinstance.py:1206} INFO - Marking task as SUCCESS. dag_id=first, task_id=process, run_id=scheduled__2024-06-15T00:00:00+00:00, execution_date=20240615T000000, start_date=20240617T165736, end_date=20240617T165736
[2024-06-17T12:57:36.378-0400] {local_task_job_runner.py:240} INFO - Task exited with return code 0
[2024-06-17T12:57:36.389-0400] {taskinstance.py:3503} INFO - 1 downstream tasks scheduled from follow-on schedule check
[2024-06-17T12:57:36.391-0400] {local_task_job_runner.py:222} INFO - ::endgroup::
[2024-06-17T14:41:40.459-0400] {local_task_job_runner.py:120} INFO - ::group::Pre task execution logs
[2024-06-17T14:41:40.475-0400] {taskinstance.py:2076} INFO - Dependencies all met for dep_context=non-requeueable deps ti=<TaskInstance: first.process scheduled__2024-06-15T00:00:00+00:00 [queued]>
[2024-06-17T14:41:40.481-0400] {taskinstance.py:2076} INFO - Dependencies all met for dep_context=requeueable deps ti=<TaskInstance: first.process scheduled__2024-06-15T00:00:00+00:00 [queued]>
[2024-06-17T14:41:40.481-0400] {taskinstance.py:2306} INFO - Starting attempt 1 of 2
[2024-06-17T14:41:40.498-0400] {taskinstance.py:2330} INFO - Executing <Task(PythonOperator): process> on 2024-06-15 00:00:00+00:00
[2024-06-17T14:41:40.505-0400] {standard_task_runner.py:63} INFO - Started process 200790 to run task
[2024-06-17T14:41:40.508-0400] {standard_task_runner.py:90} INFO - Running: ['airflow', 'tasks', 'run', 'first', 'process', 'scheduled__2024-06-15T00:00:00+00:00', '--job-id', '25', '--raw', '--subdir', 'DAGS_FOLDER/first.py', '--cfg-path', '/tmp/tmpo0gq2m7q']
[2024-06-17T14:41:40.508-0400] {standard_task_runner.py:91} INFO - Job 25: Subtask process
[2024-06-17T14:41:40.545-0400] {task_command.py:426} INFO - Running <TaskInstance: first.process scheduled__2024-06-15T00:00:00+00:00 [running]> on host andres-IdeaPad-3-14ALC6
[2024-06-17T14:41:40.599-0400] {taskinstance.py:2648} INFO - Exporting env vars: AIRFLOW_CTX_DAG_EMAIL='airflow@example.com' AIRFLOW_CTX_DAG_OWNER='airflow' AIRFLOW_CTX_DAG_ID='first' AIRFLOW_CTX_TASK_ID='process' AIRFLOW_CTX_EXECUTION_DATE='2024-06-15T00:00:00+00:00' AIRFLOW_CTX_TRY_NUMBER='1' AIRFLOW_CTX_DAG_RUN_ID='scheduled__2024-06-15T00:00:00+00:00'
[2024-06-17T14:41:40.600-0400] {taskinstance.py:430} INFO - ::endgroup::
[2024-06-17T14:41:40.600-0400] {first.py:23} INFO - performing processing
[2024-06-17T14:41:40.600-0400] {python.py:237} INFO - Done. Returned value was: None
[2024-06-17T14:41:40.600-0400] {taskinstance.py:441} INFO - ::group::Post task execution logs
[2024-06-17T14:41:40.604-0400] {taskinstance.py:1206} INFO - Marking task as SUCCESS. dag_id=first, task_id=process, run_id=scheduled__2024-06-15T00:00:00+00:00, execution_date=20240615T000000, start_date=20240617T184140, end_date=20240617T184140
[2024-06-17T14:41:40.641-0400] {local_task_job_runner.py:240} INFO - Task exited with return code 0
[2024-06-17T14:41:40.653-0400] {taskinstance.py:3503} INFO - 1 downstream tasks scheduled from follow-on schedule check
[2024-06-17T14:41:40.657-0400] {local_task_job_runner.py:222} INFO - ::endgroup::
