[2024-06-17T12:57:42.155-0400] {local_task_job_runner.py:120} INFO - ::group::Pre task execution logs
[2024-06-17T12:57:42.168-0400] {taskinstance.py:2076} INFO - Dependencies all met for dep_context=non-requeueable deps ti=<TaskInstance: first.save scheduled__2024-06-16T00:00:00+00:00 [queued]>
[2024-06-17T12:57:42.173-0400] {taskinstance.py:2076} INFO - Dependencies all met for dep_context=requeueable deps ti=<TaskInstance: first.save scheduled__2024-06-16T00:00:00+00:00 [queued]>
[2024-06-17T12:57:42.174-0400] {taskinstance.py:2306} INFO - Starting attempt 1 of 2
[2024-06-17T12:57:42.182-0400] {taskinstance.py:2330} INFO - Executing <Task(PythonOperator): save> on 2024-06-16 00:00:00+00:00
[2024-06-17T12:57:42.187-0400] {standard_task_runner.py:63} INFO - Started process 154569 to run task
[2024-06-17T12:57:42.190-0400] {standard_task_runner.py:90} INFO - Running: ['airflow', 'tasks', 'run', 'first', 'save', 'scheduled__2024-06-16T00:00:00+00:00', '--job-id', '11', '--raw', '--subdir', 'DAGS_FOLDER/first.py', '--cfg-path', '/tmp/tmpc9bk46ag']
[2024-06-17T12:57:42.190-0400] {standard_task_runner.py:91} INFO - Job 11: Subtask save
[2024-06-17T12:57:42.215-0400] {task_command.py:426} INFO - Running <TaskInstance: first.save scheduled__2024-06-16T00:00:00+00:00 [running]> on host andres-IdeaPad-3-14ALC6
[2024-06-17T12:57:42.269-0400] {taskinstance.py:2648} INFO - Exporting env vars: AIRFLOW_CTX_DAG_EMAIL='airflow@example.com' AIRFLOW_CTX_DAG_OWNER='airflow' AIRFLOW_CTX_DAG_ID='first' AIRFLOW_CTX_TASK_ID='save' AIRFLOW_CTX_EXECUTION_DATE='2024-06-16T00:00:00+00:00' AIRFLOW_CTX_TRY_NUMBER='1' AIRFLOW_CTX_DAG_RUN_ID='scheduled__2024-06-16T00:00:00+00:00'
[2024-06-17T12:57:42.271-0400] {taskinstance.py:430} INFO - ::endgroup::
[2024-06-17T12:57:42.271-0400] {first.py:26} INFO - performing saving
[2024-06-17T12:57:42.272-0400] {python.py:237} INFO - Done. Returned value was: None
[2024-06-17T12:57:42.272-0400] {taskinstance.py:441} INFO - ::group::Post task execution logs
[2024-06-17T12:57:42.277-0400] {taskinstance.py:1206} INFO - Marking task as SUCCESS. dag_id=first, task_id=save, run_id=scheduled__2024-06-16T00:00:00+00:00, execution_date=20240616T000000, start_date=20240617T165742, end_date=20240617T165742
[2024-06-17T12:57:42.323-0400] {local_task_job_runner.py:240} INFO - Task exited with return code 0
[2024-06-17T12:57:42.343-0400] {taskinstance.py:3503} INFO - 0 downstream tasks scheduled from follow-on schedule check
[2024-06-17T12:57:42.343-0400] {local_task_job_runner.py:222} INFO - ::endgroup::
[2024-06-17T14:41:53.676-0400] {local_task_job_runner.py:120} INFO - ::group::Pre task execution logs
[2024-06-17T14:41:53.698-0400] {taskinstance.py:2076} INFO - Dependencies all met for dep_context=non-requeueable deps ti=<TaskInstance: first.save scheduled__2024-06-16T00:00:00+00:00 [queued]>
[2024-06-17T14:41:53.704-0400] {taskinstance.py:2076} INFO - Dependencies all met for dep_context=requeueable deps ti=<TaskInstance: first.save scheduled__2024-06-16T00:00:00+00:00 [queued]>
[2024-06-17T14:41:53.704-0400] {taskinstance.py:2306} INFO - Starting attempt 1 of 2
[2024-06-17T14:41:53.716-0400] {taskinstance.py:2330} INFO - Executing <Task(PythonOperator): save> on 2024-06-16 00:00:00+00:00
[2024-06-17T14:41:53.722-0400] {standard_task_runner.py:63} INFO - Started process 201048 to run task
[2024-06-17T14:41:53.725-0400] {standard_task_runner.py:90} INFO - Running: ['airflow', 'tasks', 'run', 'first', 'save', 'scheduled__2024-06-16T00:00:00+00:00', '--job-id', '31', '--raw', '--subdir', 'DAGS_FOLDER/first.py', '--cfg-path', '/tmp/tmp2v6xcj_o']
[2024-06-17T14:41:53.725-0400] {standard_task_runner.py:91} INFO - Job 31: Subtask save
[2024-06-17T14:41:53.761-0400] {task_command.py:426} INFO - Running <TaskInstance: first.save scheduled__2024-06-16T00:00:00+00:00 [running]> on host andres-IdeaPad-3-14ALC6
[2024-06-17T14:41:53.818-0400] {taskinstance.py:2648} INFO - Exporting env vars: AIRFLOW_CTX_DAG_EMAIL='airflow@example.com' AIRFLOW_CTX_DAG_OWNER='airflow' AIRFLOW_CTX_DAG_ID='first' AIRFLOW_CTX_TASK_ID='save' AIRFLOW_CTX_EXECUTION_DATE='2024-06-16T00:00:00+00:00' AIRFLOW_CTX_TRY_NUMBER='1' AIRFLOW_CTX_DAG_RUN_ID='scheduled__2024-06-16T00:00:00+00:00'
[2024-06-17T14:41:53.819-0400] {taskinstance.py:430} INFO - ::endgroup::
[2024-06-17T14:41:53.819-0400] {first.py:26} INFO - performing saving
[2024-06-17T14:41:53.819-0400] {python.py:237} INFO - Done. Returned value was: None
[2024-06-17T14:41:53.819-0400] {taskinstance.py:441} INFO - ::group::Post task execution logs
[2024-06-17T14:41:53.823-0400] {taskinstance.py:1206} INFO - Marking task as SUCCESS. dag_id=first, task_id=save, run_id=scheduled__2024-06-16T00:00:00+00:00, execution_date=20240616T000000, start_date=20240617T184153, end_date=20240617T184153
[2024-06-17T14:41:53.858-0400] {local_task_job_runner.py:240} INFO - Task exited with return code 0
[2024-06-17T14:41:53.870-0400] {taskinstance.py:3503} INFO - 0 downstream tasks scheduled from follow-on schedule check
[2024-06-17T14:41:53.870-0400] {local_task_job_runner.py:222} INFO - ::endgroup::
