[2024-06-17T12:57:38.288-0400] {local_task_job_runner.py:120} INFO - ::group::Pre task execution logs
[2024-06-17T12:57:38.300-0400] {taskinstance.py:2076} INFO - Dependencies all met for dep_context=non-requeueable deps ti=<TaskInstance: first.process scheduled__2024-06-16T00:00:00+00:00 [queued]>
[2024-06-17T12:57:38.304-0400] {taskinstance.py:2076} INFO - Dependencies all met for dep_context=requeueable deps ti=<TaskInstance: first.process scheduled__2024-06-16T00:00:00+00:00 [queued]>
[2024-06-17T12:57:38.304-0400] {taskinstance.py:2306} INFO - Starting attempt 1 of 2
[2024-06-17T12:57:38.315-0400] {taskinstance.py:2330} INFO - Executing <Task(PythonOperator): process> on 2024-06-16 00:00:00+00:00
[2024-06-17T12:57:38.319-0400] {standard_task_runner.py:63} INFO - Started process 154501 to run task
[2024-06-17T12:57:38.322-0400] {standard_task_runner.py:90} INFO - Running: ['airflow', 'tasks', 'run', 'first', 'process', 'scheduled__2024-06-16T00:00:00+00:00', '--job-id', '9', '--raw', '--subdir', 'DAGS_FOLDER/first.py', '--cfg-path', '/tmp/tmpbjex_ns1']
[2024-06-17T12:57:38.322-0400] {standard_task_runner.py:91} INFO - Job 9: Subtask process
[2024-06-17T12:57:38.347-0400] {task_command.py:426} INFO - Running <TaskInstance: first.process scheduled__2024-06-16T00:00:00+00:00 [running]> on host andres-IdeaPad-3-14ALC6
[2024-06-17T12:57:38.385-0400] {taskinstance.py:2648} INFO - Exporting env vars: AIRFLOW_CTX_DAG_EMAIL='airflow@example.com' AIRFLOW_CTX_DAG_OWNER='airflow' AIRFLOW_CTX_DAG_ID='first' AIRFLOW_CTX_TASK_ID='process' AIRFLOW_CTX_EXECUTION_DATE='2024-06-16T00:00:00+00:00' AIRFLOW_CTX_TRY_NUMBER='1' AIRFLOW_CTX_DAG_RUN_ID='scheduled__2024-06-16T00:00:00+00:00'
[2024-06-17T12:57:38.386-0400] {taskinstance.py:430} INFO - ::endgroup::
[2024-06-17T12:57:38.386-0400] {first.py:23} INFO - performing processing
[2024-06-17T12:57:38.386-0400] {python.py:237} INFO - Done. Returned value was: None
[2024-06-17T12:57:38.386-0400] {taskinstance.py:441} INFO - ::group::Post task execution logs
[2024-06-17T12:57:38.390-0400] {taskinstance.py:1206} INFO - Marking task as SUCCESS. dag_id=first, task_id=process, run_id=scheduled__2024-06-16T00:00:00+00:00, execution_date=20240616T000000, start_date=20240617T165738, end_date=20240617T165738
[2024-06-17T12:57:38.413-0400] {local_task_job_runner.py:240} INFO - Task exited with return code 0
[2024-06-17T12:57:38.424-0400] {taskinstance.py:3503} INFO - 1 downstream tasks scheduled from follow-on schedule check
[2024-06-17T12:57:38.426-0400] {local_task_job_runner.py:222} INFO - ::endgroup::
[2024-06-17T14:41:47.224-0400] {local_task_job_runner.py:120} INFO - ::group::Pre task execution logs
[2024-06-17T14:41:47.242-0400] {taskinstance.py:2076} INFO - Dependencies all met for dep_context=non-requeueable deps ti=<TaskInstance: first.process scheduled__2024-06-16T00:00:00+00:00 [queued]>
[2024-06-17T14:41:47.250-0400] {taskinstance.py:2076} INFO - Dependencies all met for dep_context=requeueable deps ti=<TaskInstance: first.process scheduled__2024-06-16T00:00:00+00:00 [queued]>
[2024-06-17T14:41:47.250-0400] {taskinstance.py:2306} INFO - Starting attempt 1 of 2
[2024-06-17T14:41:47.265-0400] {taskinstance.py:2330} INFO - Executing <Task(PythonOperator): process> on 2024-06-16 00:00:00+00:00
[2024-06-17T14:41:47.270-0400] {standard_task_runner.py:63} INFO - Started process 200927 to run task
[2024-06-17T14:41:47.272-0400] {standard_task_runner.py:90} INFO - Running: ['airflow', 'tasks', 'run', 'first', 'process', 'scheduled__2024-06-16T00:00:00+00:00', '--job-id', '28', '--raw', '--subdir', 'DAGS_FOLDER/first.py', '--cfg-path', '/tmp/tmp69ihislz']
[2024-06-17T14:41:47.272-0400] {standard_task_runner.py:91} INFO - Job 28: Subtask process
[2024-06-17T14:41:47.308-0400] {task_command.py:426} INFO - Running <TaskInstance: first.process scheduled__2024-06-16T00:00:00+00:00 [running]> on host andres-IdeaPad-3-14ALC6
[2024-06-17T14:41:47.369-0400] {taskinstance.py:2648} INFO - Exporting env vars: AIRFLOW_CTX_DAG_EMAIL='airflow@example.com' AIRFLOW_CTX_DAG_OWNER='airflow' AIRFLOW_CTX_DAG_ID='first' AIRFLOW_CTX_TASK_ID='process' AIRFLOW_CTX_EXECUTION_DATE='2024-06-16T00:00:00+00:00' AIRFLOW_CTX_TRY_NUMBER='1' AIRFLOW_CTX_DAG_RUN_ID='scheduled__2024-06-16T00:00:00+00:00'
[2024-06-17T14:41:47.370-0400] {taskinstance.py:430} INFO - ::endgroup::
[2024-06-17T14:41:47.371-0400] {first.py:23} INFO - performing processing
[2024-06-17T14:41:47.371-0400] {python.py:237} INFO - Done. Returned value was: None
[2024-06-17T14:41:47.371-0400] {taskinstance.py:441} INFO - ::group::Post task execution logs
[2024-06-17T14:41:47.376-0400] {taskinstance.py:1206} INFO - Marking task as SUCCESS. dag_id=first, task_id=process, run_id=scheduled__2024-06-16T00:00:00+00:00, execution_date=20240616T000000, start_date=20240617T184147, end_date=20240617T184147
[2024-06-17T14:41:47.405-0400] {local_task_job_runner.py:240} INFO - Task exited with return code 0
[2024-06-17T14:41:47.416-0400] {taskinstance.py:3503} INFO - 1 downstream tasks scheduled from follow-on schedule check
[2024-06-17T14:41:47.418-0400] {local_task_job_runner.py:222} INFO - ::endgroup::
